<?xml version="1.0" encoding="UTF-8"?>
<!-- Generated by org.testng.reporters.JUnitXMLReporter -->
<testsuite ignored="0" hostname="DESKTOP-GFANGBB" failures="1" tests="2" name="Error Validations Test" time="12.883" errors="0" timestamp="2025-03-19T14:04:52 CDT">
  <testcase classname="drapercompany.tests.ErrorValidationsTest" name="loginErrorValidation" time="0.604"/>
  <testcase classname="drapercompany.tests.ErrorValidationsTest" name="productErrorValidation" time="2.717">
    <failure type="java.lang.AssertionError" message="expected [false] but found [true]">
      <![CDATA[java.lang.AssertionError: expected [false] but found [true]
at drapercompany.tests.ErrorValidationsTest.productErrorValidation(ErrorValidationsTest.java:49)
at java.base/java.util.ArrayList.forEach(ArrayList.java:1596)
at java.base/java.util.concurrent.FutureTask.run(FutureTask.java:317)
at java.base/java.util.concurrent.ThreadPoolExecutor.runWorker(ThreadPoolExecutor.java:1144)
at java.base/java.util.concurrent.ThreadPoolExecutor$Worker.run(ThreadPoolExecutor.java:642)
at java.base/java.lang.Thread.run(Thread.java:1583)
... Removed 19 stack frames]]>
    </failure>
  </testcase> <!-- productErrorValidation -->
</testsuite> <!-- Error Validations Test -->
